200.000000  0.000000  40.000000
150.000000  -0.030000  0.000000
150.000000  -0.030000  20.000000
150.000000  -0.030000  40.000000
150.000000  -0.030000  80.000000
150.000000  -0.030000  160.000000
150.000000  -0.050000  0.000000
150.000000  -0.050000  20.000000
150.000000  -0.050000  40.000000
150.000000  -0.050000  80.000000
150.000000  -0.050000  160.000000
150.000000  -0.100000  0.000000
150.000000  -0.100000  20.000000
150.000000  -0.100000  40.000000
150.000000  -0.100000  80.000000
150.000000  -0.100000  160.000000
175.000000  -0.030000  0.000000
175.000000  -0.030000  20.000000
175.000000  -0.030000  40.000000
175.000000  -0.030000  80.000000
175.000000  -0.030000  160.000000
175.000000  -0.050000  0.000000
175.000000  -0.050000  20.000000
175.000000  -0.050000  40.000000
175.000000  -0.050000  80.000000
175.000000  -0.050000  160.000000
175.000000  -0.100000  0.000000
175.000000  -0.100000  20.000000
175.000000  -0.100000  40.000000
175.000000  -0.100000  80.000000
175.000000  -0.100000  160.000000
200.000000  -0.030000  0.000000
200.000000  -0.030000  20.000000
200.000000  -0.030000  40.000000
200.000000  -0.030000  80.000000
200.000000  -0.030000  160.000000
200.000000  -0.050000  0.000000
200.000000  -0.050000  20.000000
200.000000  -0.050000  40.000000
200.000000  -0.050000  80.000000
200.000000  -0.050000  160.000000
200.000000  -0.100000  0.000000
200.000000  -0.100000  20.000000
200.000000  -0.100000  40.000000
200.000000  -0.100000  80.000000
200.000000  -0.100000  160.000000
225.000000  -0.030000  0.000000
225.000000  -0.030000  20.000000
225.000000  -0.030000  40.000000
225.000000  -0.030000  80.000000
225.000000  -0.030000  160.000000
225.000000  -0.050000  0.000000
225.000000  -0.050000  20.000000
225.000000  -0.050000  40.000000
225.000000  -0.050000  80.000000
225.000000  -0.050000  160.000000
225.000000  -0.100000  0.000000
225.000000  -0.100000  20.000000
225.000000  -0.100000  40.000000
225.000000  -0.100000  80.000000
225.000000  -0.100000  160.000000
250.000000  -0.030000  0.000000
250.000000  -0.030000  20.000000
250.000000  -0.030000  40.000000
250.000000  -0.030000  80.000000
250.000000  -0.030000  160.000000
250.000000  -0.050000  0.000000
250.000000  -0.050000  20.000000
250.000000  -0.050000  40.000000
250.000000  -0.050000  80.000000
250.000000  -0.050000  160.000000
250.000000  -0.100000  0.000000
250.000000  -0.100000  20.000000
250.000000  -0.100000  40.000000
250.000000  -0.100000  80.000000
250.000000  -0.100000  160.000000
